<?xml version="1.0" encoding="utf-8"?><testsuites name="pytest tests"><testsuite name="pytest" errors="0" failures="0" skipped="0" tests="12" time="8.741" timestamp="2026-06-10T19:13:35.846586+00:00" hostname="agent-env-23c8d1e1-812e-4066-a8e1-ad3ebf2fa872"><testcase classname="backend.tests.test_phase4.TestFloorPlan" name="test_set_floor_plan_admin" time="2.022" /><testcase classname="backend.tests.test_phase4.TestFloorPlan" name="test_clear_floor_plan" time="0.814" /><testcase classname="backend.tests.test_phase4.TestFloorPlan" name="test_floor_plan_requires_auth" time="0.122" /><testcase classname="backend.tests.test_phase4.TestFloorPlan" name="test_floor_plan_nothing_to_update" time="0.307" /><testcase classname="backend.tests.test_phase4.TestCanvasObjects" name="test_list_empty_or_ok" time="0.379" /><testcase classname="backend.tests.test_phase4.TestCanvasObjects" name="test_create_canvas_object" time="0.814" /><testcase classname="backend.tests.test_phase4.TestCanvasObjects" name="test_update_canvas_object_partial" time="0.437" /><testcase classname="backend.tests.test_phase4.TestCanvasObjects" name="test_update_canvas_object_dimensions" time="0.442" /><testcase classname="backend.tests.test_phase4.TestCanvasObjects" name="test_delete_canvas_object" time="0.890" /><testcase classname="backend.tests.test_phase4.TestCanvasObjects" name="test_delete_nonexistent" time="0.371" /><testcase classname="backend.tests.test_phase4.TestCanvasObjects" name="test_canvas_objects_requires_auth" time="0.269" /><testcase classname="backend.tests.test_phase4.TestTableCanvasPersistence" name="test_patch_table_canvas_coords" time="1.834" /></testsuite></testsuites>