<?xml version="1.0" encoding="utf-8"?><testsuites name="pytest tests"><testsuite name="pytest" errors="0" failures="0" skipped="0" tests="7" time="10.084" timestamp="2026-06-12T15:42:24.082847+00:00" hostname="agent-env-f147e353-80f8-4b34-b2b8-c1d929d661a8"><testcase classname="backend.tests.test_phase6" name="test_history_stack_endpoint" time="0.951" /><testcase classname="backend.tests.test_phase6" name="test_undo_redo_table_rotation_roundtrip" time="3.511" /><testcase classname="backend.tests.test_phase6" name="test_conflicts_endpoint_returns_byTableId_map" time="0.555" /><testcase classname="backend.tests.test_phase6" name="test_analytics_summary_shape" time="0.638" /><testcase classname="backend.tests.test_phase6" name="test_create_text_label_object" time="1.356" /><testcase classname="backend.tests.test_phase6" name="test_create_line_divider_object" time="1.316" /><testcase classname="backend.tests.test_phase6" name="test_guest_patch_invoice_and_prefs" time="1.741" /></testsuite></testsuites>