<?xml version="1.0" encoding="utf-8"?><testsuites name="pytest tests"><testsuite name="pytest" errors="0" failures="0" skipped="0" tests="24" time="15.237" timestamp="2026-06-12T13:45:08.858230+00:00" hostname="agent-env-f147e353-80f8-4b34-b2b8-c1d929d661a8"><testcase classname="backend.tests.test_phase5.TestDevLogin" name="test_dev_login_returns_admin_jwt" time="0.817" /><testcase classname="backend.tests.test_phase5.TestDevLogin" name="test_admin_login_still_works" time="0.642" /><testcase classname="backend.tests.test_phase5.TestTableTypes" name="test_list" time="0.771" /><testcase classname="backend.tests.test_phase5.TestTableTypes" name="test_create" time="0.412" /><testcase classname="backend.tests.test_phase5.TestTableTypes" name="test_get_after_create" time="0.348" /><testcase classname="backend.tests.test_phase5.TestTableTypes" name="test_update" time="0.406" /><testcase classname="backend.tests.test_phase5.TestTableTypes" name="test_delete_at_end" time="0.000" /><testcase classname="backend.tests.test_phase5.TestTableFromType" name="test_setup_ballroom" time="0.347" /><testcase classname="backend.tests.test_phase5.TestTableFromType" name="test_create_table_with_type" time="0.465" /><testcase classname="backend.tests.test_phase5.TestTableFromType" name="test_create_table_invalid_type" time="0.343" /><testcase classname="backend.tests.test_phase5.TestBulkImport" name="test_import_raw_csv" time="0.714" /><testcase classname="backend.tests.test_phase5.TestBulkImport" name="test_family_id_persisted" time="0.473" /><testcase classname="backend.tests.test_phase5.TestBulkImport" name="test_import_multipart_csv" time="0.466" /><testcase classname="backend.tests.test_phase5.TestBulkImport" name="test_import_xlsx" time="0.872" /><testcase classname="backend.tests.test_phase5.TestAutoAssign" name="test_preview_no_apply" time="0.468" /><testcase classname="backend.tests.test_phase5.TestAutoAssign" name="test_apply_persists" time="1.502" /><testcase classname="backend.tests.test_phase5.TestAutoAssign" name="test_combine_with_oversized_family" time="1.974" /><testcase classname="backend.tests.test_phase5.TestFamilyMove" name="test_move_family_to_table" time="0.875" /><testcase classname="backend.tests.test_phase5.TestFamilyMove" name="test_move_family_unassign" time="1.213" /><testcase classname="backend.tests.test_phase5.TestRegression" name="test_list_guests" time="0.349" /><testcase classname="backend.tests.test_phase5.TestRegression" name="test_list_ballrooms" time="0.346" /><testcase classname="backend.tests.test_phase5.TestRegression" name="test_list_tables" time="0.343" /><testcase classname="backend.tests.test_phase5.TestRegression" name="test_list_canvas_objects" time="0.342" /><testcase classname="backend.tests.test_phase5.TestCleanup" name="test_cleanup_table_then_type" time="0.693" /></testsuite></testsuites>