<?xml version="1.0" encoding="utf-8"?><testsuites name="pytest tests"><testsuite name="pytest" errors="0" failures="0" skipped="0" tests="19" time="21.404" timestamp="2026-06-10T18:47:53.583769+00:00" hostname="agent-env-23c8d1e1-812e-4066-a8e1-ad3ebf2fa872"><testcase classname="backend.tests.test_roster.TestRosterCRUD" name="test_roster_list_requires_auth" time="0.164" /><testcase classname="backend.tests.test_roster.TestRosterCRUD" name="test_roster_create_admin" time="1.403" /><testcase classname="backend.tests.test_roster.TestRosterCRUD" name="test_roster_create_duplicate_400" time="0.477" /><testcase classname="backend.tests.test_roster.TestRosterCRUD" name="test_roster_list_search" time="0.479" /><testcase classname="backend.tests.test_roster.TestRosterCRUD" name="test_roster_delete_admin" time="1.602" /><testcase classname="backend.tests.test_roster.TestRosterCRUD" name="test_roster_delete_non_admin_forbidden" time="2.745" /><testcase classname="backend.tests.test_roster.TestRosterPublic" name="test_lookup_existing" time="0.468" /><testcase classname="backend.tests.test_roster.TestRosterPublic" name="test_lookup_missing" time="0.479" /><testcase classname="backend.tests.test_roster.TestRosterPublic" name="test_search_public" time="0.453" /><testcase classname="backend.tests.test_roster.TestRosterPublic" name="test_search_exclude_invoice" time="0.484" /><testcase classname="backend.tests.test_roster.TestRosterPublic" name="test_search_empty_q" time="0.123" /><testcase classname="backend.tests.test_roster.TestRosterCSV" name="test_import_csv_multipart_insert" time="1.547" /><testcase classname="backend.tests.test_roster.TestRosterCSV" name="test_import_csv_reimport_updates" time="1.423" /><testcase classname="backend.tests.test_roster.TestRosterCSV" name="test_import_csv_raw_body" time="0.698" /><testcase classname="backend.tests.test_roster.TestRosterCSV" name="test_import_csv_bad_headers_400" time="0.480" /><testcase classname="backend.tests.test_roster.TestAutoLinking" name="test_forward_autolink_when_other_already_submitted" time="2.932" /><testcase classname="backend.tests.test_roster.TestAutoLinking" name="test_reverse_autolink" time="2.253" /><testcase classname="backend.tests.test_roster.TestAutoLinking" name="test_mutual_after_both_link" time="1.959" /><testcase classname="backend.tests.test_roster.TestAutoLinking" name="test_no_linked_invoices_falls_through_to_fuzzy" time="1.130" /></testsuite></testsuites>