<?xml version="1.0" encoding="utf-8"?><testsuites name="pytest tests"><testsuite name="pytest" errors="0" failures="1" skipped="0" tests="4" time="7.151" timestamp="2026-06-12T15:42:58.442317+00:00" hostname="agent-env-f147e353-80f8-4b34-b2b8-c1d929d661a8"><testcase classname="backend.tests.test_phase6_extended" name="test_history_stack_grows_after_patch" time="3.894" /><testcase classname="backend.tests.test_phase6_extended" name="test_analytics_full_key_coverage" time="0.765"><failure message="AssertionError: Analytics missing keys: ['partiallySeatedSubmissions']&#10;assert not ['partiallySeatedSubmissions']">backend/tests/test_phase6_extended.py:64: in test_analytics_full_key_coverage
    assert not missing, f"Analytics missing keys: {missing}"
E   AssertionError: Analytics missing keys: ['partiallySeatedSubmissions']
E   assert not ['partiallySeatedSubmissions']</failure></testcase><testcase classname="backend.tests.test_phase6_extended" name="test_text_label_edit_persists" time="1.992" /><testcase classname="backend.tests.test_phase6_extended" name="test_conflicts_grouping_shape" time="0.458" /></testsuite></testsuites>