<?xml version="1.0" encoding="utf-8"?><testsuites name="pytest tests"><testsuite name="pytest" errors="0" failures="0" skipped="0" tests="11" time="16.438" timestamp="2026-06-12T15:43:25.976299+00:00" hostname="agent-env-f147e353-80f8-4b34-b2b8-c1d929d661a8"><testcase classname="backend.tests.test_phase6" name="test_history_stack_endpoint" time="0.933" /><testcase classname="backend.tests.test_phase6" name="test_undo_redo_table_rotation_roundtrip" time="3.516" /><testcase classname="backend.tests.test_phase6" name="test_conflicts_endpoint_returns_byTableId_map" time="0.561" /><testcase classname="backend.tests.test_phase6" name="test_analytics_summary_shape" time="0.616" /><testcase classname="backend.tests.test_phase6" name="test_create_text_label_object" time="1.335" /><testcase classname="backend.tests.test_phase6" name="test_create_line_divider_object" time="1.304" /><testcase classname="backend.tests.test_phase6" name="test_guest_patch_invoice_and_prefs" time="1.606" /><testcase classname="backend.tests.test_phase6_extended" name="test_history_stack_grows_after_patch" time="3.553" /><testcase classname="backend.tests.test_phase6_extended" name="test_analytics_full_key_coverage" time="0.616" /><testcase classname="backend.tests.test_phase6_extended" name="test_text_label_edit_persists" time="1.902" /><testcase classname="backend.tests.test_phase6_extended" name="test_conflicts_grouping_shape" time="0.467" /></testsuite></testsuites>