<?xml version="1.0" encoding="utf-8"?><testsuites name="pytest tests"><testsuite name="pytest" errors="0" failures="0" skipped="0" tests="31" time="29.457" timestamp="2026-06-10T18:18:26.272843+00:00" hostname="agent-env-23c8d1e1-812e-4066-a8e1-ad3ebf2fa872"><testcase classname="backend.tests.test_phase3.TestBallrooms" name="test_list_ballrooms" time="1.240" /><testcase classname="backend.tests.test_phase3.TestBallrooms" name="test_list_requires_auth" time="0.116" /><testcase classname="backend.tests.test_phase3.TestBallrooms" name="test_create_ballroom_admin" time="0.439" /><testcase classname="backend.tests.test_phase3.TestBallrooms" name="test_create_ballroom_non_admin_forbidden" time="2.305" /><testcase classname="backend.tests.test_phase3.TestBallrooms" name="test_update_ballroom" time="0.817" /><testcase classname="backend.tests.test_phase3.TestTables" name="test_list_tables_initial" time="0.372" /><testcase classname="backend.tests.test_phase3.TestTables" name="test_list_filter_by_ballroom" time="0.369" /><testcase classname="backend.tests.test_phase3.TestTables" name="test_create_table" time="0.436" /><testcase classname="backend.tests.test_phase3.TestTables" name="test_get_table_with_empty_guests" time="0.583" /><testcase classname="backend.tests.test_phase3.TestTables" name="test_patch_table_update_capacity" time="0.500" /><testcase classname="backend.tests.test_phase3.TestSeatAssignment" name="test_create_unassigned_guests" time="1.126" /><testcase classname="backend.tests.test_phase3.TestSeatAssignment" name="test_assign_first_guest" time="1.644" /><testcase classname="backend.tests.test_phase3.TestSeatAssignment" name="test_color_yellow_state" time="2.803" /><testcase classname="backend.tests.test_phase3.TestSeatAssignment" name="test_capacity_exceeded_returns_409" time="0.904" /><testcase classname="backend.tests.test_phase3.TestSeatAssignment" name="test_assign_with_overflow_allowed" time="1.342" /><testcase classname="backend.tests.test_phase3.TestSeatAssignment" name="test_mark_physically_seated" time="1.749" /><testcase classname="backend.tests.test_phase3.TestSeatAssignment" name="test_unassign_guest" time="1.310" /><testcase classname="backend.tests.test_phase3.TestSeatAssignment" name="test_delete_table_blocked_when_guests_seated" time="0.375" /><testcase classname="backend.tests.test_phase3.TestPreferenceMatchOnAssign" name="test_setup_mutual_pref_pair_and_table" time="3.038" /><testcase classname="backend.tests.test_phase3.TestPreferenceMatchOnAssign" name="test_assign_first_no_pref_match" time="0.825" /><testcase classname="backend.tests.test_phase3.TestPreferenceMatchOnAssign" name="test_assign_second_detects_mutual" time="0.896" /><testcase classname="backend.tests.test_phase3.TestAutoSuggest" name="test_auto_suggest_returns_plan" time="1.686" /><testcase classname="backend.tests.test_phase3.TestAutoSuggest" name="test_auto_suggest_does_not_apply" time="0.372" /><testcase classname="backend.tests.test_phase3.TestAutoSuggest" name="test_auto_suggest_apply" time="1.533" /><testcase classname="backend.tests.test_phase3.TestActivityLogPhase3" name="test_action_logged[ballroom_create]" time="0.409" /><testcase classname="backend.tests.test_phase3.TestActivityLogPhase3" name="test_action_logged[table_create]" time="0.369" /><testcase classname="backend.tests.test_phase3.TestActivityLogPhase3" name="test_action_logged[seat_assign]" time="0.370" /><testcase classname="backend.tests.test_phase3.TestActivityLogPhase3" name="test_action_logged[seat_unassign]" time="0.375" /><testcase classname="backend.tests.test_phase3.TestActivityLogPhase3" name="test_action_logged[seat_check]" time="0.378" /><testcase classname="backend.tests.test_phase3.TestActivityLogPhase3" name="test_action_logged[auto_suggest_apply]" time="0.369" /><testcase classname="backend.tests.test_phase3.TestBallroomDeleteBlocked" name="test_delete_blocked_when_tables" time="0.376" /></testsuite></testsuites>