<?xml version="1.0" encoding="utf-8"?><testsuites name="pytest tests"><testsuite name="pytest" errors="0" failures="0" skipped="0" tests="39" time="24.946" timestamp="2026-06-10T17:50:41.347960+00:00" hostname="agent-env-23c8d1e1-812e-4066-a8e1-ad3ebf2fa872"><testcase classname="backend.tests.test_backend" name="test_health" time="0.185" /><testcase classname="backend.tests.test_backend.TestAuth" name="test_login_success" time="0.672" /><testcase classname="backend.tests.test_backend.TestAuth" name="test_login_wrong_password" time="0.538" /><testcase classname="backend.tests.test_backend.TestAuth" name="test_login_unknown_user" time="0.312" /><testcase classname="backend.tests.test_backend.TestAuth" name="test_me_with_token" time="0.981" /><testcase classname="backend.tests.test_backend.TestAuth" name="test_me_without_token" time="0.204" /><testcase classname="backend.tests.test_backend.TestGuestIntake" name="test_create_guest_first_time" time="0.683" /><testcase classname="backend.tests.test_backend.TestGuestIntake" name="test_check_invoice_after_first" time="0.310" /><testcase classname="backend.tests.test_backend.TestGuestIntake" name="test_create_guest_duplicate" time="0.377" /><testcase classname="backend.tests.test_backend.TestGuestIntake" name="test_check_invoice_two_submissions" time="0.319" /><testcase classname="backend.tests.test_backend.TestGuestIntake" name="test_check_invoice_unknown" time="0.313" /><testcase classname="backend.tests.test_backend.TestGuestsList" name="test_list_requires_auth" time="0.126" /><testcase classname="backend.tests.test_backend.TestGuestsList" name="test_list_basic" time="0.378" /><testcase classname="backend.tests.test_backend.TestGuestsList" name="test_list_search" time="0.385" /><testcase classname="backend.tests.test_backend.TestGuestsList" name="test_list_filter_duplicate" time="0.382" /><testcase classname="backend.tests.test_backend.TestGuestsList" name="test_list_filter_highchair" time="0.379" /><testcase classname="backend.tests.test_backend.TestGuestsList" name="test_list_sort_party_size_asc" time="0.386" /><testcase classname="backend.tests.test_backend.TestGuestsList" name="test_unassigned_queue" time="0.384" /><testcase classname="backend.tests.test_backend.TestGuestsList" name="test_stats" time="0.458" /><testcase classname="backend.tests.test_backend.TestGuestsList" name="test_patch_guest" time="0.834" /><testcase classname="backend.tests.test_backend.TestStaffNotes" name="test_add_note" time="0.455" /><testcase classname="backend.tests.test_backend.TestStaffNotes" name="test_list_notes_newest_first" time="0.835" /><testcase classname="backend.tests.test_backend.TestStaffNotes" name="test_delete_note" time="0.825" /><testcase classname="backend.tests.test_backend.TestPreferences" name="test_unresolved_with_suggestions" time="0.592" /><testcase classname="backend.tests.test_backend.TestPreferences" name="test_resolve_preference_confirmed" time="0.587" /><testcase classname="backend.tests.test_backend.TestPreferences" name="test_resolve_preference_no_match" time="1.171" /><testcase classname="backend.tests.test_backend.TestPreferences" name="test_mutual_list" time="0.379" /><testcase classname="backend.tests.test_backend.TestPreferences" name="test_one_way_list" time="0.378" /><testcase classname="backend.tests.test_backend.TestActivityLog" name="test_activity_log_recent" time="0.384" /><testcase classname="backend.tests.test_backend.TestActivityLog" name="test_filter_by_action_type" time="0.390" /><testcase classname="backend.tests.test_backend.TestActivityLog" name="test_filter_by_staff_name" time="0.393" /><testcase classname="backend.tests.test_backend.TestActivityLog" name="test_note_add_logged" time="0.379" /><testcase classname="backend.tests.test_backend.TestStaffAdmin" name="test_list_staff_admin_only" time="0.382" /><testcase classname="backend.tests.test_backend.TestStaffAdmin" name="test_create_staff" time="0.674" /><testcase classname="backend.tests.test_backend.TestStaffAdmin" name="test_duplicate_username_rejected" time="0.604" /><testcase classname="backend.tests.test_backend.TestStaffAdmin" name="test_new_staff_can_login" time="6.437" /><testcase classname="backend.tests.test_backend.TestStaffAdmin" name="test_non_admin_cannot_list_staff" time="0.312" /><testcase classname="backend.tests.test_backend.TestStaffAdmin" name="test_non_admin_cannot_create_staff" time="0.319" /><testcase classname="backend.tests.test_backend.TestStaffAdmin" name="test_deactivate_blocks_login" time="0.760" /></testsuite></testsuites>